TN:
SF:src\domain\date.ts
FN:14,parseIsoDate
FN:25,toIsoDate
FN:29,addDays
FN:34,differenceInDays
FN:39,weekdayIndex
FN:45,startOfWeek
FNF:6
FNH:6
FNDA:690,parseIsoDate
FNDA:163,toIsoDate
FNDA:161,addDays
FNDA:166,differenceInDays
FNDA:190,weekdayIndex
FNDA:3,startOfWeek
DA:11,2
DA:12,2
DA:15,690
DA:16,3
DA:18,687
DA:19,687
DA:20,1
DA:22,686
DA:26,163
DA:30,161
DA:35,166
DA:40,190
DA:41,190
DA:46,3
LF:14
LH:14
BRDA:15,0,0,3
BRDA:15,0,1,687
BRDA:19,1,0,1
BRDA:19,1,1,686
BRF:4
BRH:4
end_of_record
TN:
SF:src\domain\scheduler.ts
FN:39,priorityFactor
FN:43,remainingMinutes
FN:48,isSchedulable
FN:59,urgencyScore
FN:85,generatePlan
FN:97,(anonymous_5)
FN:144,pickCandidate
FNF:7
FNH:7
FNDA:420,priorityFactor
FNDA:65,remainingMinutes
FNDA:35,isSchedulable
FNDA:420,urgencyScore
FNDA:24,generatePlan
FNDA:30,(anonymous_5)
FNDA:287,pickCandidate
DA:24,1
DA:31,1
DA:40,420
DA:44,65
DA:49,35
DA:61,420
DA:65,420
DA:66,420
DA:86,24
DA:88,24
DA:89,1
DA:91,23
DA:92,1
DA:95,22
DA:96,22
DA:97,30
DA:100,22
DA:102,22
DA:103,154
DA:104,154
DA:105,154
DA:108,154
DA:110,154
DA:111,287
DA:112,287
DA:113,52
DA:116,235
DA:117,287
DA:118,287
DA:121,154
DA:122,210
DA:123,210
DA:124,69
DA:129,22
DA:130,22
DA:131,30
DA:134,22
DA:151,287
DA:153,287
DA:154,495
DA:155,495
DA:156,74
DA:159,421
DA:162,421
DA:163,421
DA:164,11
DA:166,410
DA:167,0
DA:170,410
DA:172,410
DA:173,292
DA:177,287
LF:52
LH:51
BRDA:49,0,0,35
BRDA:49,0,1,33
BRDA:61,1,0,258
BRDA:61,1,1,162
BRDA:86,2,0,24
BRDA:86,2,1,16
BRDA:88,3,0,1
BRDA:88,3,1,23
BRDA:88,4,0,24
BRDA:88,4,1,24
BRDA:91,5,0,1
BRDA:91,5,1,22
BRDA:104,6,0,154
BRDA:104,6,1,0
BRDA:112,7,0,52
BRDA:112,7,1,235
BRDA:116,8,0,235
BRDA:116,8,1,69
BRDA:117,9,0,287
BRDA:117,9,1,0
BRDA:123,10,0,69
BRDA:123,10,1,141
BRDA:123,11,0,210
BRDA:123,11,1,69
BRDA:154,12,0,495
BRDA:154,12,1,0
BRDA:155,13,0,74
BRDA:155,13,1,421
BRDA:163,14,0,11
BRDA:163,14,1,410
BRDA:163,15,0,421
BRDA:163,15,1,22
BRDA:166,16,0,0
BRDA:166,16,1,410
BRDA:172,17,0,292
BRDA:172,17,1,118
BRDA:172,18,0,410
BRDA:172,18,1,175
BRDA:172,18,2,119
BRDA:172,18,3,10
BRF:40
BRH:36
end_of_record
